The system is: Linux - 5.15.49-linuxkit - aarch64
Compiling the C compiler identification source file "CMakeCCompilerId.c" succeeded.
Compiler: /usr/bin/cc 
Build flags: 
Id flags:  

The output was:
0


Compilation of the C compiler identification source "CMakeCCompilerId.c" produced "a.out"

The C compiler identification is GNU, found in "/tmp/optimisation-d-une-ligne-d-assemblage-ing2-tg-2023-2024-td12-equipe-50/cmake-build-debug/CMakeFiles/3.13.4/CompilerIdC/a.out"

Determining if the C compiler works passed with the following output:
Change Dir: /tmp/optimisation-d-une-ligne-d-assemblage-ing2-tg-2023-2024-td12-equipe-50/cmake-build-debug/CMakeFiles/CMakeTmp

Run Build Command:"/usr/bin/make" "cmTC_b5689/fast"
/usr/bin/make -f CMakeFiles/cmTC_b5689.dir/build.make CMakeFiles/cmTC_b5689.dir/build
make[1]: Entering directory '/tmp/optimisation-d-une-ligne-d-assemblage-ing2-tg-2023-2024-td12-equipe-50/cmake-build-debug/CMakeFiles/CMakeTmp'
Building C object CMakeFiles/cmTC_b5689.dir/testCCompiler.c.o
/usr/bin/cc    -o CMakeFiles/cmTC_b5689.dir/testCCompiler.c.o   -c /tmp/optimisation-d-une-ligne-d-assemblage-ing2-tg-2023-2024-td12-equipe-50/cmake-build-debug/CMakeFiles/CMakeTmp/testCCompiler.c
Linking C executable cmTC_b5689
/usr/bin/cmake -E cmake_link_script CMakeFiles/cmTC_b5689.dir/link.txt --verbose=1
/usr/bin/cc      CMakeFiles/cmTC_b5689.dir/testCCompiler.c.o  -o cmTC_b5689 
make[1]: Leaving directory '/tmp/optimisation-d-une-ligne-d-assemblage-ing2-tg-2023-2024-td12-equipe-50/cmake-build-debug/CMakeFiles/CMakeTmp'


Detecting C compiler ABI info compiled with the following output:
Change Dir: /tmp/optimisation-d-une-ligne-d-assemblage-ing2-tg-2023-2024-td12-equipe-50/cmake-build-debug/CMakeFiles/CMakeTmp

Run Build Command:"/usr/bin/make" "cmTC_6b7f8/fast"
/usr/bin/make -f CMakeFiles/cmTC_6b7f8.dir/build.make CMakeFiles/cmTC_6b7f8.dir/build
make[1]: Entering directory '/tmp/optimisation-d-une-ligne-d-assemblage-ing2-tg-2023-2024-td12-equipe-50/cmake-build-debug/CMakeFiles/CMakeTmp'
Building C object CMakeFiles/cmTC_6b7f8.dir/CMakeCCompilerABI.c.o
/usr/bin/cc    -o CMakeFiles/cmTC_6b7f8.dir/CMakeCCompilerABI.c.o   -c /usr/share/cmake-3.13/Modules/CMakeCCompilerABI.c
Linking C executable cmTC_6b7f8
/usr/bin/cmake -E cmake_link_script CMakeFiles/cmTC_6b7f8.dir/link.txt --verbose=1
/usr/bin/cc     -v CMakeFiles/cmTC_6b7f8.dir/CMakeCCompilerABI.c.o  -o cmTC_6b7f8 
Using built-in specs.
COLLECT_GCC=/usr/bin/cc
COLLECT_LTO_WRAPPER=/usr/local/libexec/gcc/aarch64-linux-gnu/9.5.0/lto-wrapper
Target: aarch64-linux-gnu
Configured with: /usr/src/gcc/configure --build=aarch64-linux-gnu --disable-multilib --enable-languages=c,c++,fortran,go
Thread model: posix
gcc version 9.5.0 (GCC) 
COMPILER_PATH=/usr/local/libexec/gcc/aarch64-linux-gnu/9.5.0/:/usr/local/libexec/gcc/aarch64-linux-gnu/9.5.0/:/usr/local/libexec/gcc/aarch64-linux-gnu/:/usr/local/lib/gcc/aarch64-linux-gnu/9.5.0/:/usr/local/lib/gcc/aarch64-linux-gnu/
LIBRARY_PATH=/usr/local/lib/gcc/aarch64-linux-gnu/9.5.0/:/usr/local/lib/gcc/aarch64-linux-gnu/9.5.0/../../../../lib64/:/lib/aarch64-linux-gnu/:/usr/lib/aarch64-linux-gnu/:/usr/local/lib/gcc/aarch64-linux-gnu/9.5.0/../../../:/lib/:/usr/lib/
COLLECT_GCC_OPTIONS='-v' '-o' 'cmTC_6b7f8' '-mlittle-endian' '-mabi=lp64'
 /usr/local/libexec/gcc/aarch64-linux-gnu/9.5.0/collect2 -plugin /usr/local/libexec/gcc/aarch64-linux-gnu/9.5.0/liblto_plugin.so -plugin-opt=/usr/local/libexec/gcc/aarch64-linux-gnu/9.5.0/lto-wrapper -plugin-opt=-fresolution=/tmp/cc730UnQ.res -plugin-opt=-pass-through=-lgcc -plugin-opt=-pass-through=-lgcc_s -plugin-opt=-pass-through=-lc -plugin-opt=-pass-through=-lgcc -plugin-opt=-pass-through=-lgcc_s --eh-frame-hdr -dynamic-linker /lib/ld-linux-aarch64.so.1 -X -EL -maarch64linux -o cmTC_6b7f8 /usr/lib/aarch64-linux-gnu/crt1.o /usr/lib/aarch64-linux-gnu/crti.o /usr/local/lib/gcc/aarch64-linux-gnu/9.5.0/crtbegin.o -L/usr/local/lib/gcc/aarch64-linux-gnu/9.5.0 -L/usr/local/lib/gcc/aarch64-linux-gnu/9.5.0/../../../../lib64 -L/lib/aarch64-linux-gnu -L/usr/lib/aarch64-linux-gnu -L/usr/local/lib/gcc/aarch64-linux-gnu/9.5.0/../../.. CMakeFiles/cmTC_6b7f8.dir/CMakeCCompilerABI.c.o -lgcc --push-state --as-needed -lgcc_s --pop-state -lc -lgcc --push-state --as-needed -lgcc_s --pop-state /usr/local/lib/gcc/aarch64-linux-gnu/9.5.0/crtend.o /usr/lib/aarch64-linux-gnu/crtn.o
COLLECT_GCC_OPTIONS='-v' '-o' 'cmTC_6b7f8' '-mlittle-endian' '-mabi=lp64'
make[1]: Leaving directory '/tmp/optimisation-d-une-ligne-d-assemblage-ing2-tg-2023-2024-td12-equipe-50/cmake-build-debug/CMakeFiles/CMakeTmp'


Parsed C implicit link information from above output:
  link line regex: [^( *|.*[/\])(ld|CMAKE_LINK_STARTFILE-NOTFOUND|([^/\]+-)?ld|collect2)[^/\]*( |$)]
  ignore line: [Change Dir: /tmp/optimisation-d-une-ligne-d-assemblage-ing2-tg-2023-2024-td12-equipe-50/cmake-build-debug/CMakeFiles/CMakeTmp]
  ignore line: []
  ignore line: [Run Build Command:"/usr/bin/make" "cmTC_6b7f8/fast"]
  ignore line: [/usr/bin/make -f CMakeFiles/cmTC_6b7f8.dir/build.make CMakeFiles/cmTC_6b7f8.dir/build]
  ignore line: [make[1]: Entering directory '/tmp/optimisation-d-une-ligne-d-assemblage-ing2-tg-2023-2024-td12-equipe-50/cmake-build-debug/CMakeFiles/CMakeTmp']
  ignore line: [Building C object CMakeFiles/cmTC_6b7f8.dir/CMakeCCompilerABI.c.o]
  ignore line: [/usr/bin/cc    -o CMakeFiles/cmTC_6b7f8.dir/CMakeCCompilerABI.c.o   -c /usr/share/cmake-3.13/Modules/CMakeCCompilerABI.c]
  ignore line: [Linking C executable cmTC_6b7f8]
  ignore line: [/usr/bin/cmake -E cmake_link_script CMakeFiles/cmTC_6b7f8.dir/link.txt --verbose=1]
  ignore line: [/usr/bin/cc     -v CMakeFiles/cmTC_6b7f8.dir/CMakeCCompilerABI.c.o  -o cmTC_6b7f8 ]
  ignore line: [Using built-in specs.]
  ignore line: [COLLECT_GCC=/usr/bin/cc]
  ignore line: [COLLECT_LTO_WRAPPER=/usr/local/libexec/gcc/aarch64-linux-gnu/9.5.0/lto-wrapper]
  ignore line: [Target: aarch64-linux-gnu]
  ignore line: [Configured with: /usr/src/gcc/configure --build=aarch64-linux-gnu --disable-multilib --enable-languages=c,c++,fortran,go]
  ignore line: [Thread model: posix]
  ignore line: [gcc version 9.5.0 (GCC) ]
  ignore line: [COMPILER_PATH=/usr/local/libexec/gcc/aarch64-linux-gnu/9.5.0/:/usr/local/libexec/gcc/aarch64-linux-gnu/9.5.0/:/usr/local/libexec/gcc/aarch64-linux-gnu/:/usr/local/lib/gcc/aarch64-linux-gnu/9.5.0/:/usr/local/lib/gcc/aarch64-linux-gnu/]
  ignore line: [LIBRARY_PATH=/usr/local/lib/gcc/aarch64-linux-gnu/9.5.0/:/usr/local/lib/gcc/aarch64-linux-gnu/9.5.0/../../../../lib64/:/lib/aarch64-linux-gnu/:/usr/lib/aarch64-linux-gnu/:/usr/local/lib/gcc/aarch64-linux-gnu/9.5.0/../../../:/lib/:/usr/lib/]
  ignore line: [COLLECT_GCC_OPTIONS='-v' '-o' 'cmTC_6b7f8' '-mlittle-endian' '-mabi=lp64']
  link line: [ /usr/local/libexec/gcc/aarch64-linux-gnu/9.5.0/collect2 -plugin /usr/local/libexec/gcc/aarch64-linux-gnu/9.5.0/liblto_plugin.so -plugin-opt=/usr/local/libexec/gcc/aarch64-linux-gnu/9.5.0/lto-wrapper -plugin-opt=-fresolution=/tmp/cc730UnQ.res -plugin-opt=-pass-through=-lgcc -plugin-opt=-pass-through=-lgcc_s -plugin-opt=-pass-through=-lc -plugin-opt=-pass-through=-lgcc -plugin-opt=-pass-through=-lgcc_s --eh-frame-hdr -dynamic-linker /lib/ld-linux-aarch64.so.1 -X -EL -maarch64linux -o cmTC_6b7f8 /usr/lib/aarch64-linux-gnu/crt1.o /usr/lib/aarch64-linux-gnu/crti.o /usr/local/lib/gcc/aarch64-linux-gnu/9.5.0/crtbegin.o -L/usr/local/lib/gcc/aarch64-linux-gnu/9.5.0 -L/usr/local/lib/gcc/aarch64-linux-gnu/9.5.0/../../../../lib64 -L/lib/aarch64-linux-gnu -L/usr/lib/aarch64-linux-gnu -L/usr/local/lib/gcc/aarch64-linux-gnu/9.5.0/../../.. CMakeFiles/cmTC_6b7f8.dir/CMakeCCompilerABI.c.o -lgcc --push-state --as-needed -lgcc_s --pop-state -lc -lgcc --push-state --as-needed -lgcc_s --pop-state /usr/local/lib/gcc/aarch64-linux-gnu/9.5.0/crtend.o /usr/lib/aarch64-linux-gnu/crtn.o]
    arg [/usr/local/libexec/gcc/aarch64-linux-gnu/9.5.0/collect2] ==> ignore
    arg [-plugin] ==> ignore
    arg [/usr/local/libexec/gcc/aarch64-linux-gnu/9.5.0/liblto_plugin.so] ==> ignore
    arg [-plugin-opt=/usr/local/libexec/gcc/aarch64-linux-gnu/9.5.0/lto-wrapper] ==> ignore
    arg [-plugin-opt=-fresolution=/tmp/cc730UnQ.res] ==> ignore
    arg [-plugin-opt=-pass-through=-lgcc] ==> ignore
    arg [-plugin-opt=-pass-through=-lgcc_s] ==> ignore
    arg [-plugin-opt=-pass-through=-lc] ==> ignore
    arg [-plugin-opt=-pass-through=-lgcc] ==> ignore
    arg [-plugin-opt=-pass-through=-lgcc_s] ==> ignore
    arg [--eh-frame-hdr] ==> ignore
    arg [-dynamic-linker] ==> ignore
    arg [/lib/ld-linux-aarch64.so.1] ==> ignore
    arg [-X] ==> ignore
    arg [-EL] ==> ignore
    arg [-maarch64linux] ==> ignore
    arg [-o] ==> ignore
    arg [cmTC_6b7f8] ==> ignore
    arg [/usr/lib/aarch64-linux-gnu/crt1.o] ==> ignore
    arg [/usr/lib/aarch64-linux-gnu/crti.o] ==> ignore
    arg [/usr/local/lib/gcc/aarch64-linux-gnu/9.5.0/crtbegin.o] ==> ignore
    arg [-L/usr/local/lib/gcc/aarch64-linux-gnu/9.5.0] ==> dir [/usr/local/lib/gcc/aarch64-linux-gnu/9.5.0]
    arg [-L/usr/local/lib/gcc/aarch64-linux-gnu/9.5.0/../../../../lib64] ==> dir [/usr/local/lib/gcc/aarch64-linux-gnu/9.5.0/../../../../lib64]
    arg [-L/lib/aarch64-linux-gnu] ==> dir [/lib/aarch64-linux-gnu]
    arg [-L/usr/lib/aarch64-linux-gnu] ==> dir [/usr/lib/aarch64-linux-gnu]
    arg [-L/usr/local/lib/gcc/aarch64-linux-gnu/9.5.0/../../..] ==> dir [/usr/local/lib/gcc/aarch64-linux-gnu/9.5.0/../../..]
    arg [CMakeFiles/cmTC_6b7f8.dir/CMakeCCompilerABI.c.o] ==> ignore
    arg [-lgcc] ==> lib [gcc]
    arg [--push-state] ==> ignore
    arg [--as-needed] ==> ignore
    arg [-lgcc_s] ==> lib [gcc_s]
    arg [--pop-state] ==> ignore
    arg [-lc] ==> lib [c]
    arg [-lgcc] ==> lib [gcc]
    arg [--push-state] ==> ignore
    arg [--as-needed] ==> ignore
    arg [-lgcc_s] ==> lib [gcc_s]
    arg [--pop-state] ==> ignore
    arg [/usr/local/lib/gcc/aarch64-linux-gnu/9.5.0/crtend.o] ==> ignore
    arg [/usr/lib/aarch64-linux-gnu/crtn.o] ==> ignore
  collapse library dir [/usr/local/lib/gcc/aarch64-linux-gnu/9.5.0] ==> [/usr/local/lib/gcc/aarch64-linux-gnu/9.5.0]
  collapse library dir [/usr/local/lib/gcc/aarch64-linux-gnu/9.5.0/../../../../lib64] ==> [/usr/local/lib64]
  collapse library dir [/lib/aarch64-linux-gnu] ==> [/lib/aarch64-linux-gnu]
  collapse library dir [/usr/lib/aarch64-linux-gnu] ==> [/usr/lib/aarch64-linux-gnu]
  collapse library dir [/usr/local/lib/gcc/aarch64-linux-gnu/9.5.0/../../..] ==> [/usr/local/lib]
  implicit libs: [gcc;gcc_s;c;gcc;gcc_s]
  implicit dirs: [/usr/local/lib/gcc/aarch64-linux-gnu/9.5.0;/usr/local/lib64;/lib/aarch64-linux-gnu;/usr/lib/aarch64-linux-gnu;/usr/local/lib]
  implicit fwks: []




Detecting C [-std=c11] compiler features compiled with the following output:
Change Dir: /tmp/optimisation-d-une-ligne-d-assemblage-ing2-tg-2023-2024-td12-equipe-50/cmake-build-debug/CMakeFiles/CMakeTmp

Run Build Command:"/usr/bin/make" "cmTC_743ae/fast"
/usr/bin/make -f CMakeFiles/cmTC_743ae.dir/build.make CMakeFiles/cmTC_743ae.dir/build
make[1]: Entering directory '/tmp/optimisation-d-une-ligne-d-assemblage-ing2-tg-2023-2024-td12-equipe-50/cmake-build-debug/CMakeFiles/CMakeTmp'
Building C object CMakeFiles/cmTC_743ae.dir/feature_tests.c.o
/usr/bin/cc   -std=c11 -o CMakeFiles/cmTC_743ae.dir/feature_tests.c.o   -c /tmp/optimisation-d-une-ligne-d-assemblage-ing2-tg-2023-2024-td12-equipe-50/cmake-build-debug/CMakeFiles/feature_tests.c
Linking C executable cmTC_743ae
/usr/bin/cmake -E cmake_link_script CMakeFiles/cmTC_743ae.dir/link.txt --verbose=1
/usr/bin/cc      CMakeFiles/cmTC_743ae.dir/feature_tests.c.o  -o cmTC_743ae 
make[1]: Leaving directory '/tmp/optimisation-d-une-ligne-d-assemblage-ing2-tg-2023-2024-td12-equipe-50/cmake-build-debug/CMakeFiles/CMakeTmp'


    Feature record: C_FEATURE:1c_function_prototypes
    Feature record: C_FEATURE:1c_restrict
    Feature record: C_FEATURE:1c_static_assert
    Feature record: C_FEATURE:1c_variadic_macros


Detecting C [-std=c99] compiler features compiled with the following output:
Change Dir: /tmp/optimisation-d-une-ligne-d-assemblage-ing2-tg-2023-2024-td12-equipe-50/cmake-build-debug/CMakeFiles/CMakeTmp

Run Build Command:"/usr/bin/make" "cmTC_20b2b/fast"
/usr/bin/make -f CMakeFiles/cmTC_20b2b.dir/build.make CMakeFiles/cmTC_20b2b.dir/build
make[1]: Entering directory '/tmp/optimisation-d-une-ligne-d-assemblage-ing2-tg-2023-2024-td12-equipe-50/cmake-build-debug/CMakeFiles/CMakeTmp'
Building C object CMakeFiles/cmTC_20b2b.dir/feature_tests.c.o
/usr/bin/cc   -std=c99 -o CMakeFiles/cmTC_20b2b.dir/feature_tests.c.o   -c /tmp/optimisation-d-une-ligne-d-assemblage-ing2-tg-2023-2024-td12-equipe-50/cmake-build-debug/CMakeFiles/feature_tests.c
Linking C executable cmTC_20b2b
/usr/bin/cmake -E cmake_link_script CMakeFiles/cmTC_20b2b.dir/link.txt --verbose=1
/usr/bin/cc      CMakeFiles/cmTC_20b2b.dir/feature_tests.c.o  -o cmTC_20b2b 
make[1]: Leaving directory '/tmp/optimisation-d-une-ligne-d-assemblage-ing2-tg-2023-2024-td12-equipe-50/cmake-build-debug/CMakeFiles/CMakeTmp'


    Feature record: C_FEATURE:1c_function_prototypes
    Feature record: C_FEATURE:1c_restrict
    Feature record: C_FEATURE:0c_static_assert
    Feature record: C_FEATURE:1c_variadic_macros


Detecting C [-std=c90] compiler features compiled with the following output:
Change Dir: /tmp/optimisation-d-une-ligne-d-assemblage-ing2-tg-2023-2024-td12-equipe-50/cmake-build-debug/CMakeFiles/CMakeTmp

Run Build Command:"/usr/bin/make" "cmTC_ef998/fast"
/usr/bin/make -f CMakeFiles/cmTC_ef998.dir/build.make CMakeFiles/cmTC_ef998.dir/build
make[1]: Entering directory '/tmp/optimisation-d-une-ligne-d-assemblage-ing2-tg-2023-2024-td12-equipe-50/cmake-build-debug/CMakeFiles/CMakeTmp'
Building C object CMakeFiles/cmTC_ef998.dir/feature_tests.c.o
/usr/bin/cc   -std=c90 -o CMakeFiles/cmTC_ef998.dir/feature_tests.c.o   -c /tmp/optimisation-d-une-ligne-d-assemblage-ing2-tg-2023-2024-td12-equipe-50/cmake-build-debug/CMakeFiles/feature_tests.c
Linking C executable cmTC_ef998
/usr/bin/cmake -E cmake_link_script CMakeFiles/cmTC_ef998.dir/link.txt --verbose=1
/usr/bin/cc      CMakeFiles/cmTC_ef998.dir/feature_tests.c.o  -o cmTC_ef998 
make[1]: Leaving directory '/tmp/optimisation-d-une-ligne-d-assemblage-ing2-tg-2023-2024-td12-equipe-50/cmake-build-debug/CMakeFiles/CMakeTmp'


    Feature record: C_FEATURE:1c_function_prototypes
    Feature record: C_FEATURE:0c_restrict
    Feature record: C_FEATURE:0c_static_assert
    Feature record: C_FEATURE:0c_variadic_macros
